[2024-08-18T10:09:57.869+0000] {processor.py:161} INFO - Started process (PID=172) to work on /opt/airflow/dags/dag_python.py
[2024-08-18T10:09:57.871+0000] {processor.py:830} INFO - Processing file /opt/airflow/dags/dag_python.py for tasks to queue
[2024-08-18T10:09:57.873+0000] {logging_mixin.py:188} INFO - [2024-08-18T10:09:57.873+0000] {dagbag.py:545} INFO - Filling up the DagBag from /opt/airflow/dags/dag_python.py
[2024-08-18T10:09:57.893+0000] {logging_mixin.py:188} WARNING - /opt/airflow/dags/dag_python.py:32 SyntaxWarning: invalid escape sequence '\d'
[2024-08-18T10:09:57.895+0000] {logging_mixin.py:188} WARNING - /opt/airflow/dags/dag_python.py:40 SyntaxWarning: invalid escape sequence '\d'
[2024-08-18T10:09:57.896+0000] {logging_mixin.py:188} WARNING - /opt/airflow/dags/dag_python.py:41 SyntaxWarning: invalid escape sequence '\d'
[2024-08-18T10:09:57.921+0000] {logging_mixin.py:188} INFO - [2024-08-18T10:09:57.913+0000] {dagbag.py:355} ERROR - Failed to import: /opt/airflow/dags/dag_python.py
Traceback (most recent call last):
  File "/home/airflow/.local/lib/python3.12/site-packages/airflow/models/dagbag.py", line 351, in parse
    loader.exec_module(new_module)
  File "<frozen importlib._bootstrap_external>", line 995, in exec_module
  File "<frozen importlib._bootstrap>", line 488, in _call_with_frames_removed
  File "/opt/airflow/dags/dag_python.py", line 8, in <module>
    from tqdm import tqdm
ModuleNotFoundError: No module named 'tqdm'
[2024-08-18T10:09:57.923+0000] {processor.py:842} WARNING - No viable dags retrieved from /opt/airflow/dags/dag_python.py
[2024-08-18T10:09:57.959+0000] {processor.py:183} INFO - Processing /opt/airflow/dags/dag_python.py took 0.099 seconds
[2024-08-18T10:10:28.210+0000] {processor.py:161} INFO - Started process (PID=183) to work on /opt/airflow/dags/dag_python.py
[2024-08-18T10:10:28.212+0000] {processor.py:830} INFO - Processing file /opt/airflow/dags/dag_python.py for tasks to queue
[2024-08-18T10:10:28.217+0000] {logging_mixin.py:188} INFO - [2024-08-18T10:10:28.216+0000] {dagbag.py:545} INFO - Filling up the DagBag from /opt/airflow/dags/dag_python.py
[2024-08-18T10:10:28.248+0000] {logging_mixin.py:188} INFO - [2024-08-18T10:10:28.242+0000] {dagbag.py:355} ERROR - Failed to import: /opt/airflow/dags/dag_python.py
Traceback (most recent call last):
  File "/home/airflow/.local/lib/python3.12/site-packages/airflow/models/dagbag.py", line 351, in parse
    loader.exec_module(new_module)
  File "<frozen importlib._bootstrap_external>", line 995, in exec_module
  File "<frozen importlib._bootstrap>", line 488, in _call_with_frames_removed
  File "/opt/airflow/dags/dag_python.py", line 8, in <module>
    from tqdm import tqdm
ModuleNotFoundError: No module named 'tqdm'
[2024-08-18T10:10:28.251+0000] {processor.py:842} WARNING - No viable dags retrieved from /opt/airflow/dags/dag_python.py
[2024-08-18T10:10:28.295+0000] {processor.py:183} INFO - Processing /opt/airflow/dags/dag_python.py took 0.099 seconds
[2024-08-18T10:10:58.577+0000] {processor.py:161} INFO - Started process (PID=194) to work on /opt/airflow/dags/dag_python.py
[2024-08-18T10:10:58.581+0000] {processor.py:830} INFO - Processing file /opt/airflow/dags/dag_python.py for tasks to queue
[2024-08-18T10:10:58.595+0000] {logging_mixin.py:188} INFO - [2024-08-18T10:10:58.591+0000] {dagbag.py:545} INFO - Filling up the DagBag from /opt/airflow/dags/dag_python.py
[2024-08-18T10:10:58.674+0000] {logging_mixin.py:188} INFO - [2024-08-18T10:10:58.659+0000] {dagbag.py:355} ERROR - Failed to import: /opt/airflow/dags/dag_python.py
Traceback (most recent call last):
  File "/home/airflow/.local/lib/python3.12/site-packages/airflow/models/dagbag.py", line 351, in parse
    loader.exec_module(new_module)
  File "<frozen importlib._bootstrap_external>", line 995, in exec_module
  File "<frozen importlib._bootstrap>", line 488, in _call_with_frames_removed
  File "/opt/airflow/dags/dag_python.py", line 8, in <module>
    from tqdm import tqdm
ModuleNotFoundError: No module named 'tqdm'
[2024-08-18T10:10:58.677+0000] {processor.py:842} WARNING - No viable dags retrieved from /opt/airflow/dags/dag_python.py
[2024-08-18T10:10:58.772+0000] {processor.py:183} INFO - Processing /opt/airflow/dags/dag_python.py took 0.245 seconds
[2024-08-18T10:11:28.883+0000] {processor.py:161} INFO - Started process (PID=205) to work on /opt/airflow/dags/dag_python.py
[2024-08-18T10:11:28.885+0000] {processor.py:830} INFO - Processing file /opt/airflow/dags/dag_python.py for tasks to queue
[2024-08-18T10:11:28.889+0000] {logging_mixin.py:188} INFO - [2024-08-18T10:11:28.888+0000] {dagbag.py:545} INFO - Filling up the DagBag from /opt/airflow/dags/dag_python.py
[2024-08-18T10:11:28.925+0000] {logging_mixin.py:188} INFO - [2024-08-18T10:11:28.917+0000] {dagbag.py:355} ERROR - Failed to import: /opt/airflow/dags/dag_python.py
Traceback (most recent call last):
  File "/home/airflow/.local/lib/python3.12/site-packages/airflow/models/dagbag.py", line 351, in parse
    loader.exec_module(new_module)
  File "<frozen importlib._bootstrap_external>", line 995, in exec_module
  File "<frozen importlib._bootstrap>", line 488, in _call_with_frames_removed
  File "/opt/airflow/dags/dag_python.py", line 8, in <module>
    from tqdm import tqdm
ModuleNotFoundError: No module named 'tqdm'
[2024-08-18T10:11:28.927+0000] {processor.py:842} WARNING - No viable dags retrieved from /opt/airflow/dags/dag_python.py
[2024-08-18T10:11:28.962+0000] {processor.py:183} INFO - Processing /opt/airflow/dags/dag_python.py took 0.091 seconds
[2024-08-18T10:11:59.236+0000] {processor.py:161} INFO - Started process (PID=216) to work on /opt/airflow/dags/dag_python.py
[2024-08-18T10:11:59.237+0000] {processor.py:830} INFO - Processing file /opt/airflow/dags/dag_python.py for tasks to queue
[2024-08-18T10:11:59.240+0000] {logging_mixin.py:188} INFO - [2024-08-18T10:11:59.240+0000] {dagbag.py:545} INFO - Filling up the DagBag from /opt/airflow/dags/dag_python.py
[2024-08-18T10:11:59.308+0000] {logging_mixin.py:188} INFO - [2024-08-18T10:11:59.291+0000] {dagbag.py:355} ERROR - Failed to import: /opt/airflow/dags/dag_python.py
Traceback (most recent call last):
  File "/home/airflow/.local/lib/python3.12/site-packages/airflow/models/dagbag.py", line 351, in parse
    loader.exec_module(new_module)
  File "<frozen importlib._bootstrap_external>", line 995, in exec_module
  File "<frozen importlib._bootstrap>", line 488, in _call_with_frames_removed
  File "/opt/airflow/dags/dag_python.py", line 8, in <module>
    from tqdm import tqdm
ModuleNotFoundError: No module named 'tqdm'
[2024-08-18T10:11:59.314+0000] {processor.py:842} WARNING - No viable dags retrieved from /opt/airflow/dags/dag_python.py
[2024-08-18T10:11:59.373+0000] {processor.py:183} INFO - Processing /opt/airflow/dags/dag_python.py took 0.149 seconds
[2024-08-18T10:12:15.511+0000] {processor.py:161} INFO - Started process (PID=221) to work on /opt/airflow/dags/dag_python.py
[2024-08-18T10:12:15.512+0000] {processor.py:830} INFO - Processing file /opt/airflow/dags/dag_python.py for tasks to queue
[2024-08-18T10:12:15.515+0000] {logging_mixin.py:188} INFO - [2024-08-18T10:12:15.515+0000] {dagbag.py:545} INFO - Filling up the DagBag from /opt/airflow/dags/dag_python.py
[2024-08-18T10:12:15.533+0000] {logging_mixin.py:188} WARNING - /opt/airflow/dags/dag_python.py:31 SyntaxWarning: invalid escape sequence '\d'
[2024-08-18T10:12:15.536+0000] {logging_mixin.py:188} WARNING - /opt/airflow/dags/dag_python.py:39 SyntaxWarning: invalid escape sequence '\d'
[2024-08-18T10:12:15.538+0000] {logging_mixin.py:188} WARNING - /opt/airflow/dags/dag_python.py:40 SyntaxWarning: invalid escape sequence '\d'
[2024-08-18T10:12:15.602+0000] {processor.py:840} INFO - DAG(s) 'data_pipeline_v1' retrieved from /opt/airflow/dags/dag_python.py
[2024-08-18T10:12:16.552+0000] {logging_mixin.py:188} INFO - [2024-08-18T10:12:16.550+0000] {override.py:1829} INFO - Created Permission View: can delete on DAG:data_pipeline_v1
[2024-08-18T10:12:16.602+0000] {logging_mixin.py:188} INFO - [2024-08-18T10:12:16.601+0000] {override.py:1829} INFO - Created Permission View: can edit on DAG:data_pipeline_v1
[2024-08-18T10:12:16.632+0000] {logging_mixin.py:188} INFO - [2024-08-18T10:12:16.631+0000] {override.py:1829} INFO - Created Permission View: can read on DAG:data_pipeline_v1
[2024-08-18T10:12:16.643+0000] {logging_mixin.py:188} INFO - [2024-08-18T10:12:16.642+0000] {dag.py:3096} INFO - Sync 1 DAGs
[2024-08-18T10:12:16.711+0000] {logging_mixin.py:188} INFO - [2024-08-18T10:12:16.710+0000] {dag.py:3118} INFO - Creating ORM DAG for data_pipeline_v1
[2024-08-18T10:12:16.780+0000] {logging_mixin.py:188} INFO - [2024-08-18T10:12:16.780+0000] {dag.py:3954} INFO - Setting next_dagrun for data_pipeline_v1 to 2024-08-17 00:00:00+00:00, run_after=2024-08-18 00:00:00+00:00
[2024-08-18T10:12:16.867+0000] {processor.py:183} INFO - Processing /opt/airflow/dags/dag_python.py took 1.368 seconds
[2024-08-18T10:12:47.280+0000] {processor.py:161} INFO - Started process (PID=232) to work on /opt/airflow/dags/dag_python.py
[2024-08-18T10:12:47.282+0000] {processor.py:830} INFO - Processing file /opt/airflow/dags/dag_python.py for tasks to queue
[2024-08-18T10:12:47.284+0000] {logging_mixin.py:188} INFO - [2024-08-18T10:12:47.284+0000] {dagbag.py:545} INFO - Filling up the DagBag from /opt/airflow/dags/dag_python.py
[2024-08-18T10:12:47.321+0000] {processor.py:840} INFO - DAG(s) 'data_pipeline_v1' retrieved from /opt/airflow/dags/dag_python.py
[2024-08-18T10:12:47.357+0000] {logging_mixin.py:188} INFO - [2024-08-18T10:12:47.356+0000] {dag.py:3096} INFO - Sync 1 DAGs
[2024-08-18T10:12:47.385+0000] {logging_mixin.py:188} INFO - [2024-08-18T10:12:47.385+0000] {dag.py:3954} INFO - Setting next_dagrun for data_pipeline_v1 to 2024-08-17 00:00:00+00:00, run_after=2024-08-18 00:00:00+00:00
[2024-08-18T10:12:47.411+0000] {processor.py:183} INFO - Processing /opt/airflow/dags/dag_python.py took 0.139 seconds
[2024-08-18T10:13:17.570+0000] {processor.py:161} INFO - Started process (PID=243) to work on /opt/airflow/dags/dag_python.py
[2024-08-18T10:13:17.573+0000] {processor.py:830} INFO - Processing file /opt/airflow/dags/dag_python.py for tasks to queue
[2024-08-18T10:13:17.577+0000] {logging_mixin.py:188} INFO - [2024-08-18T10:13:17.576+0000] {dagbag.py:545} INFO - Filling up the DagBag from /opt/airflow/dags/dag_python.py
[2024-08-18T10:13:17.625+0000] {processor.py:840} INFO - DAG(s) 'data_pipeline_v1' retrieved from /opt/airflow/dags/dag_python.py
[2024-08-18T10:13:17.673+0000] {logging_mixin.py:188} INFO - [2024-08-18T10:13:17.671+0000] {dag.py:3096} INFO - Sync 1 DAGs
[2024-08-18T10:13:17.725+0000] {logging_mixin.py:188} INFO - [2024-08-18T10:13:17.724+0000] {dag.py:3954} INFO - Setting next_dagrun for data_pipeline_v1 to 2024-08-17 00:00:00+00:00, run_after=2024-08-18 00:00:00+00:00
[2024-08-18T10:13:17.768+0000] {processor.py:183} INFO - Processing /opt/airflow/dags/dag_python.py took 0.210 seconds
[2024-08-18T10:13:47.955+0000] {processor.py:161} INFO - Started process (PID=266) to work on /opt/airflow/dags/dag_python.py
[2024-08-18T10:13:47.957+0000] {processor.py:830} INFO - Processing file /opt/airflow/dags/dag_python.py for tasks to queue
[2024-08-18T10:13:47.962+0000] {logging_mixin.py:188} INFO - [2024-08-18T10:13:47.962+0000] {dagbag.py:545} INFO - Filling up the DagBag from /opt/airflow/dags/dag_python.py
[2024-08-18T10:13:48.013+0000] {processor.py:840} INFO - DAG(s) 'data_pipeline_v1' retrieved from /opt/airflow/dags/dag_python.py
[2024-08-18T10:13:48.069+0000] {logging_mixin.py:188} INFO - [2024-08-18T10:13:48.068+0000] {dag.py:3096} INFO - Sync 1 DAGs
[2024-08-18T10:13:48.141+0000] {logging_mixin.py:188} INFO - [2024-08-18T10:13:48.141+0000] {dag.py:3954} INFO - Setting next_dagrun for data_pipeline_v1 to 2024-08-18 00:00:00+00:00, run_after=2024-08-19 00:00:00+00:00
[2024-08-18T10:13:48.175+0000] {processor.py:183} INFO - Processing /opt/airflow/dags/dag_python.py took 0.238 seconds
[2024-08-18T10:14:18.353+0000] {processor.py:161} INFO - Started process (PID=277) to work on /opt/airflow/dags/dag_python.py
[2024-08-18T10:14:18.356+0000] {processor.py:830} INFO - Processing file /opt/airflow/dags/dag_python.py for tasks to queue
[2024-08-18T10:14:18.360+0000] {logging_mixin.py:188} INFO - [2024-08-18T10:14:18.359+0000] {dagbag.py:545} INFO - Filling up the DagBag from /opt/airflow/dags/dag_python.py
[2024-08-18T10:14:18.424+0000] {processor.py:840} INFO - DAG(s) 'data_pipeline_v1' retrieved from /opt/airflow/dags/dag_python.py
[2024-08-18T10:14:18.469+0000] {logging_mixin.py:188} INFO - [2024-08-18T10:14:18.467+0000] {dag.py:3096} INFO - Sync 1 DAGs
[2024-08-18T10:14:18.507+0000] {logging_mixin.py:188} INFO - [2024-08-18T10:14:18.506+0000] {dag.py:3954} INFO - Setting next_dagrun for data_pipeline_v1 to 2024-08-18 00:00:00+00:00, run_after=2024-08-19 00:00:00+00:00
[2024-08-18T10:14:18.537+0000] {processor.py:183} INFO - Processing /opt/airflow/dags/dag_python.py took 0.200 seconds
[2024-08-18T10:14:48.745+0000] {processor.py:161} INFO - Started process (PID=287) to work on /opt/airflow/dags/dag_python.py
[2024-08-18T10:14:48.747+0000] {processor.py:830} INFO - Processing file /opt/airflow/dags/dag_python.py for tasks to queue
[2024-08-18T10:14:48.749+0000] {logging_mixin.py:188} INFO - [2024-08-18T10:14:48.749+0000] {dagbag.py:545} INFO - Filling up the DagBag from /opt/airflow/dags/dag_python.py
[2024-08-18T10:14:48.783+0000] {processor.py:840} INFO - DAG(s) 'data_pipeline_v1' retrieved from /opt/airflow/dags/dag_python.py
[2024-08-18T10:14:48.816+0000] {logging_mixin.py:188} INFO - [2024-08-18T10:14:48.816+0000] {dag.py:3096} INFO - Sync 1 DAGs
[2024-08-18T10:14:48.842+0000] {logging_mixin.py:188} INFO - [2024-08-18T10:14:48.841+0000] {dag.py:3954} INFO - Setting next_dagrun for data_pipeline_v1 to 2024-08-18 00:00:00+00:00, run_after=2024-08-19 00:00:00+00:00
[2024-08-18T10:14:48.868+0000] {processor.py:183} INFO - Processing /opt/airflow/dags/dag_python.py took 0.131 seconds
[2024-08-18T10:15:19.208+0000] {processor.py:161} INFO - Started process (PID=298) to work on /opt/airflow/dags/dag_python.py
[2024-08-18T10:15:19.210+0000] {processor.py:830} INFO - Processing file /opt/airflow/dags/dag_python.py for tasks to queue
[2024-08-18T10:15:19.215+0000] {logging_mixin.py:188} INFO - [2024-08-18T10:15:19.214+0000] {dagbag.py:545} INFO - Filling up the DagBag from /opt/airflow/dags/dag_python.py
[2024-08-18T10:15:19.266+0000] {processor.py:840} INFO - DAG(s) 'data_pipeline_v1' retrieved from /opt/airflow/dags/dag_python.py
[2024-08-18T10:15:19.313+0000] {logging_mixin.py:188} INFO - [2024-08-18T10:15:19.312+0000] {dag.py:3096} INFO - Sync 1 DAGs
[2024-08-18T10:15:19.362+0000] {logging_mixin.py:188} INFO - [2024-08-18T10:15:19.362+0000] {dag.py:3954} INFO - Setting next_dagrun for data_pipeline_v1 to 2024-08-18 00:00:00+00:00, run_after=2024-08-19 00:00:00+00:00
[2024-08-18T10:15:19.401+0000] {processor.py:183} INFO - Processing /opt/airflow/dags/dag_python.py took 0.208 seconds
[2024-08-18T10:15:49.518+0000] {processor.py:161} INFO - Started process (PID=309) to work on /opt/airflow/dags/dag_python.py
[2024-08-18T10:15:49.520+0000] {processor.py:830} INFO - Processing file /opt/airflow/dags/dag_python.py for tasks to queue
[2024-08-18T10:15:49.524+0000] {logging_mixin.py:188} INFO - [2024-08-18T10:15:49.523+0000] {dagbag.py:545} INFO - Filling up the DagBag from /opt/airflow/dags/dag_python.py
[2024-08-18T10:15:49.569+0000] {processor.py:840} INFO - DAG(s) 'data_pipeline_v1' retrieved from /opt/airflow/dags/dag_python.py
[2024-08-18T10:15:49.634+0000] {logging_mixin.py:188} INFO - [2024-08-18T10:15:49.633+0000] {dag.py:3096} INFO - Sync 1 DAGs
[2024-08-18T10:15:49.675+0000] {logging_mixin.py:188} INFO - [2024-08-18T10:15:49.674+0000] {dag.py:3954} INFO - Setting next_dagrun for data_pipeline_v1 to 2024-08-18 00:00:00+00:00, run_after=2024-08-19 00:00:00+00:00
[2024-08-18T10:15:49.704+0000] {processor.py:183} INFO - Processing /opt/airflow/dags/dag_python.py took 0.202 seconds
[2024-08-18T10:16:19.978+0000] {processor.py:161} INFO - Started process (PID=320) to work on /opt/airflow/dags/dag_python.py
[2024-08-18T10:16:19.981+0000] {processor.py:830} INFO - Processing file /opt/airflow/dags/dag_python.py for tasks to queue
[2024-08-18T10:16:19.984+0000] {logging_mixin.py:188} INFO - [2024-08-18T10:16:19.983+0000] {dagbag.py:545} INFO - Filling up the DagBag from /opt/airflow/dags/dag_python.py
[2024-08-18T10:16:20.023+0000] {processor.py:840} INFO - DAG(s) 'data_pipeline_v1' retrieved from /opt/airflow/dags/dag_python.py
[2024-08-18T10:16:20.061+0000] {logging_mixin.py:188} INFO - [2024-08-18T10:16:20.060+0000] {dag.py:3096} INFO - Sync 1 DAGs
[2024-08-18T10:16:20.108+0000] {logging_mixin.py:188} INFO - [2024-08-18T10:16:20.108+0000] {dag.py:3954} INFO - Setting next_dagrun for data_pipeline_v1 to 2024-08-18 00:00:00+00:00, run_after=2024-08-19 00:00:00+00:00
[2024-08-18T10:16:20.148+0000] {processor.py:183} INFO - Processing /opt/airflow/dags/dag_python.py took 0.179 seconds
